2017/06/19 22:01:55 [TRACE] Log Mode: File (Trace)
2017/06/19 22:01:55 [ INFO] Gogs 0.11.19.0609
2017/06/19 22:01:55 [ INFO] Cache Service Enabled
2017/06/19 22:01:55 [ INFO] Session Service Enabled
2017/06/19 22:01:55 [ INFO] Git Version: 2.7.4
2017/06/19 22:01:55 [ INFO] SQLite3 Supported
2017/06/19 22:01:55 [ INFO] Run Mode: Production
2017/06/19 22:01:55 [ INFO] First-time run install finished!
2017/06/19 22:01:55 [TRACE] Doing: CheckRepoStats
2017/06/19 22:01:55 [TRACE] Session ID: 630584b36f5643ad
2017/06/19 22:01:55 [TRACE] CSRF Token: moT02SPYUpMNEf5Z-6AO1X08w5c6MTQ5NzkwOTY1MDY5NTUwMzc2OQ==
2017/06/19 22:01:55 [TRACE] Template: user/auth/login
2017/06/19 22:01:57 [TRACE] Session ID: 630584b36f5643ad
2017/06/19 22:01:57 [TRACE] CSRF Token: moT02SPYUpMNEf5Z-6AO1X08w5c6MTQ5NzkwOTY1MDY5NTUwMzc2OQ==
2017/06/19 22:01:57 [TRACE] Template: user/auth/signup
2017/06/19 22:02:18 [TRACE] Session ID: 630584b36f5643ad
2017/06/19 22:02:18 [TRACE] CSRF Token: moT02SPYUpMNEf5Z-6AO1X08w5c6MTQ5NzkwOTY1MDY5NTUwMzc2OQ==
2017/06/19 22:02:18 [TRACE] Account created: vagrant
2017/06/19 22:02:18 [TRACE] Session ID: 630584b36f5643ad
2017/06/19 22:02:18 [TRACE] CSRF Token: moT02SPYUpMNEf5Z-6AO1X08w5c6MTQ5NzkwOTY1MDY5NTUwMzc2OQ==
2017/06/19 22:02:18 [TRACE] Template: user/auth/login
2017/06/19 22:02:21 [TRACE] Session ID: 630584b36f5643ad
2017/06/19 22:02:21 [TRACE] CSRF Token: moT02SPYUpMNEf5Z-6AO1X08w5c6MTQ5NzkwOTY1MDY5NTUwMzc2OQ==
2017/06/19 22:02:21 [TRACE] Session ID: 630584b36f5643ad
2017/06/19 22:02:21 [TRACE] CSRF Token: 1DsEwQ-icQ8oIVOiK815Z4-WZuA6MTQ5NzkwOTc0MTY5MTgzMzU3NQ==
2017/06/19 22:02:21 [TRACE] Template: user/dashboard/dashboard
2017/06/19 22:02:25 [TRACE] Session ID: 630584b36f5643ad
2017/06/19 22:02:25 [TRACE] CSRF Token: 1DsEwQ-icQ8oIVOiK815Z4-WZuA6MTQ5NzkwOTc0MTY5MTgzMzU3NQ==
2017/06/19 22:02:25 [TRACE] Template: repo/create
2017/06/19 22:02:57 [TRACE] Session ID: 630584b36f5643ad
2017/06/19 22:02:57 [TRACE] CSRF Token: 1DsEwQ-icQ8oIVOiK815Z4-WZuA6MTQ5NzkwOTc0MTY5MTgzMzU3NQ==
2017/06/19 22:02:57 [TRACE] Repository created [1]: vagrant/demo-flask-app
2017/06/19 22:02:57 [TRACE] Session ID: 630584b36f5643ad
2017/06/19 22:02:57 [TRACE] CSRF Token: 1DsEwQ-icQ8oIVOiK815Z4-WZuA6MTQ5NzkwOTc0MTY5MTgzMzU3NQ==
2017/06/19 22:02:57 [TRACE] Template: repo/bare
2017/06/19 22:03:58 [TRACE] Session ID: 01ec644f4bb06f45
2017/06/19 22:03:58 [TRACE] CSRF Token: Z3g9cPYHR6OL7k7y0YZUHBK9Y9U6MTQ5NzkwOTgzODkwMDc4NzQwNQ==
2017/06/19 22:03:58 [TRACE] Session ID: 69c29e2d3fe536cd
2017/06/19 22:03:58 [TRACE] CSRF Token: ffwRChxIfsTadMeyyeFrmRIju6A6MTQ5NzkwOTgzODk2Mjg0MTE5NQ==
2017/06/19 22:03:58 [TRACE] Session ID: ef92bdb7b73d7735
2017/06/19 22:03:58 [TRACE] CSRF Token: jukd1CLFHf0QOjbG0N71JMLXREQ6MTQ5NzkwOTgzODk5NDEwNTQ5Mw==
2017/06/19 22:03:59 [TRACE] Session ID: 577788b9a8325402
2017/06/19 22:03:59 [TRACE] CSRF Token: ipB_bqfp56tilacLoABIlRgoTUM6MTQ5NzkwOTgzODk5ODM1MTkyNQ==
2017/06/19 22:03:59 [TRACE] HTTPGit - Authenticated user: vagrant
2017/06/19 22:03:59 [TRACE] Session ID: 895d801f558577b8
2017/06/19 22:03:59 [TRACE] CSRF Token: pjcW_-QUwZWXBAhkRhp45orCte06MTQ5NzkwOTgzOTIwODE5Nzc1Mg==
2017/06/19 22:03:59 [TRACE] TriggerTask 'demo-flask-app/master' by 'vagrant'
2017/06/19 22:03:59 [TRACE] AddTestPullRequestTask [head_repo_id: 1, head_branch: master]: finding pull requests
2017/06/19 22:03:59 [TRACE] AddTestPullRequestTask [base_repo_id: 1, base_branch: master]: finding pull requests
2017/06/19 22:03:59 [TRACE] DeliverHooks [repo_id: 1]
2017/06/19 22:04:02 [TRACE] Session ID: 630584b36f5643ad
2017/06/19 22:04:02 [TRACE] CSRF Token: 1DsEwQ-icQ8oIVOiK815Z4-WZuA6MTQ5NzkwOTc0MTY5MTgzMzU3NQ==
2017/06/19 22:04:02 [TRACE] Template: repo/home
2017/06/19 22:04:10 [TRACE] Session ID: 630584b36f5643ad
2017/06/19 22:04:10 [TRACE] CSRF Token: 1DsEwQ-icQ8oIVOiK815Z4-WZuA6MTQ5NzkwOTc0MTY5MTgzMzU3NQ==
2017/06/19 22:04:10 [TRACE] Template: repo/home
2017/06/19 22:04:13 [TRACE] Session ID: 630584b36f5643ad
2017/06/19 22:04:13 [TRACE] CSRF Token: 1DsEwQ-icQ8oIVOiK815Z4-WZuA6MTQ5NzkwOTc0MTY5MTgzMzU3NQ==
2017/06/19 22:04:13 [TRACE] Template: repo/home
2017/06/19 22:04:15 [TRACE] Session ID: 630584b36f5643ad
2017/06/19 22:04:15 [TRACE] CSRF Token: 1DsEwQ-icQ8oIVOiK815Z4-WZuA6MTQ5NzkwOTc0MTY5MTgzMzU3NQ==
2017/06/19 22:04:15 [TRACE] Template: user/dashboard/dashboard
2017/06/19 22:04:48 [TRACE] Session ID: 630584b36f5643ad
2017/06/19 22:04:48 [TRACE] CSRF Token: 1DsEwQ-icQ8oIVOiK815Z4-WZuA6MTQ5NzkwOTc0MTY5MTgzMzU3NQ==
2017/06/19 22:04:48 [TRACE] Template: repo/home
2017/06/19 22:04:49 [TRACE] Session ID: 630584b36f5643ad
2017/06/19 22:04:49 [TRACE] CSRF Token: 1DsEwQ-icQ8oIVOiK815Z4-WZuA6MTQ5NzkwOTc0MTY5MTgzMzU3NQ==
2017/06/19 22:04:49 [TRACE] Template: repo/settings/options
2017/06/19 22:05:03 [TRACE] Session ID: 630584b36f5643ad
2017/06/19 22:05:03 [TRACE] CSRF Token: 1DsEwQ-icQ8oIVOiK815Z4-WZuA6MTQ5NzkwOTc0MTY5MTgzMzU3NQ==
2017/06/19 22:05:03 [TRACE] Repository deleted: vagrant/demo-flask-app
2017/06/19 22:05:03 [TRACE] Session ID: 630584b36f5643ad
2017/06/19 22:05:03 [TRACE] CSRF Token: 1DsEwQ-icQ8oIVOiK815Z4-WZuA6MTQ5NzkwOTc0MTY5MTgzMzU3NQ==
2017/06/19 22:05:03 [TRACE] Template: user/dashboard/dashboard
2017/06/19 22:06:56 [TRACE] Session ID: 630584b36f5643ad
2017/06/19 22:06:56 [TRACE] CSRF Token: 1DsEwQ-icQ8oIVOiK815Z4-WZuA6MTQ5NzkwOTc0MTY5MTgzMzU3NQ==
2017/06/19 22:06:56 [TRACE] Template: repo/create
2017/06/19 22:07:03 [TRACE] Session ID: 630584b36f5643ad
2017/06/19 22:07:03 [TRACE] CSRF Token: 1DsEwQ-icQ8oIVOiK815Z4-WZuA6MTQ5NzkwOTc0MTY5MTgzMzU3NQ==
2017/06/19 22:07:03 [TRACE] Repository created [2]: vagrant/demo-flask-app
2017/06/19 22:07:03 [TRACE] Session ID: 630584b36f5643ad
2017/06/19 22:07:03 [TRACE] CSRF Token: 1DsEwQ-icQ8oIVOiK815Z4-WZuA6MTQ5NzkwOTc0MTY5MTgzMzU3NQ==
2017/06/19 22:07:03 [TRACE] Template: repo/bare
2017/06/19 22:07:23 [TRACE] Session ID: 6be7f6be737fa988
2017/06/19 22:07:23 [TRACE] CSRF Token: 1Fn24otQMqWLgx1mwtnDWd54W9s6MTQ5NzkxMDA0MzgwOTk5ODM5MQ==
2017/06/19 22:07:23 [TRACE] Session ID: 611ff6dec875637f
2017/06/19 22:07:23 [TRACE] CSRF Token: 1jDLl4ngdoa92DoCG5jJyz9s_Ls6MTQ5NzkxMDA0MzgyODMxOTQxNg==
2017/06/19 22:07:23 [TRACE] Session ID: a2d0ac3d4fcd43b6
2017/06/19 22:07:23 [TRACE] CSRF Token: ArMm1Vadgz7rh5lNKTchCInUPbM6MTQ5NzkxMDA0Mzg2MzkyODgwMQ==
2017/06/19 22:07:23 [TRACE] Session ID: 542ea383e95cfd35
2017/06/19 22:07:23 [TRACE] CSRF Token: A6UBA6T6mjELf2SPzfE3uaD9Cok6MTQ5NzkxMDA0Mzg2Nzg0MjE0OA==
2017/06/19 22:07:23 [TRACE] HTTPGit - Authenticated user: vagrant
2017/06/19 22:07:24 [TRACE] Session ID: 7d479791a06c88d9
2017/06/19 22:07:24 [TRACE] CSRF Token: Dfh7g0-iuImCCg-FOivJL6L7z-Y6MTQ5NzkxMDA0NDA1MDg0MTM1MQ==
2017/06/19 22:07:24 [TRACE] TriggerTask 'demo-flask-app/master' by 'vagrant'
2017/06/19 22:07:24 [TRACE] AddTestPullRequestTask [head_repo_id: 2, head_branch: master]: finding pull requests
2017/06/19 22:07:24 [TRACE] AddTestPullRequestTask [base_repo_id: 2, base_branch: master]: finding pull requests
2017/06/19 22:07:24 [TRACE] DeliverHooks [repo_id: 2]
2017/06/19 22:07:28 [TRACE] Session ID: 630584b36f5643ad
2017/06/19 22:07:28 [TRACE] CSRF Token: 1DsEwQ-icQ8oIVOiK815Z4-WZuA6MTQ5NzkwOTc0MTY5MTgzMzU3NQ==
2017/06/19 22:07:28 [TRACE] Template: repo/home
2017/06/19 22:07:32 [TRACE] Session ID: 630584b36f5643ad
2017/06/19 22:07:32 [TRACE] CSRF Token: 1DsEwQ-icQ8oIVOiK815Z4-WZuA6MTQ5NzkwOTc0MTY5MTgzMzU3NQ==
2017/06/19 22:07:32 [TRACE] Template: user/dashboard/dashboard
2017/06/19 22:07:41 [TRACE] Session ID: 630584b36f5643ad
2017/06/19 22:07:41 [TRACE] CSRF Token: 1DsEwQ-icQ8oIVOiK815Z4-WZuA6MTQ5NzkwOTc0MTY5MTgzMzU3NQ==
2017/06/19 22:07:41 [TRACE] Template: repo/create
2017/06/19 22:08:17 [TRACE] Session ID: 630584b36f5643ad
2017/06/19 22:08:17 [TRACE] CSRF Token: 1DsEwQ-icQ8oIVOiK815Z4-WZuA6MTQ5NzkwOTc0MTY5MTgzMzU3NQ==
2017/06/19 22:08:17 [TRACE] Repository created [3]: vagrant/local-project-repo
2017/06/19 22:08:17 [TRACE] Session ID: 630584b36f5643ad
2017/06/19 22:08:17 [TRACE] CSRF Token: 1DsEwQ-icQ8oIVOiK815Z4-WZuA6MTQ5NzkwOTc0MTY5MTgzMzU3NQ==
2017/06/19 22:08:17 [TRACE] Template: repo/bare
2017/06/19 22:09:44 [TRACE] Session ID: edd8f75d3046451e
2017/06/19 22:09:44 [TRACE] CSRF Token: 1y6tl1NxC-ppNLlI2WW58_h0qOU6MTQ5NzkxMDE4NDA3Mjg2NTUzMg==
2017/06/19 22:09:44 [TRACE] Session ID: 67249962666f70ec
2017/06/19 22:09:44 [TRACE] CSRF Token: rkClwIfskVKibN_5SHTnuocUmxU6MTQ5NzkxMDE4NDA4ODc1ODc1OA==
2017/06/19 22:09:44 [TRACE] Session ID: a7cc78087b03ed51
2017/06/19 22:09:44 [TRACE] CSRF Token: NigLv3oZlM4xIhGOkNkhkvMQDJU6MTQ5NzkxMDE4NDEyNTI1OTAyMA==
2017/06/19 22:09:44 [TRACE] Session ID: eef966c8ac1138da
2017/06/19 22:09:44 [TRACE] CSRF Token: jFfvcl4Uvi6o9cAMcwZHmc3IziU6MTQ5NzkxMDE4NDEyOTE1MTM2Mw==
2017/06/19 22:09:44 [TRACE] HTTPGit - Authenticated user: vagrant
2017/06/19 22:09:44 [TRACE] Session ID: 651957e6b730f361
2017/06/19 22:09:44 [TRACE] CSRF Token: 28k_CZINURKr_TOoMRpKAWpMiiU6MTQ5NzkxMDE4NDMxNTI1ODI4OQ==
2017/06/19 22:09:44 [TRACE] TriggerTask 'local-project-repo/master' by 'vagrant'
2017/06/19 22:09:44 [TRACE] AddTestPullRequestTask [head_repo_id: 3, head_branch: master]: finding pull requests
2017/06/19 22:09:44 [TRACE] AddTestPullRequestTask [base_repo_id: 3, base_branch: master]: finding pull requests
2017/06/19 22:09:44 [TRACE] DeliverHooks [repo_id: 3]
2017/06/19 22:09:46 [TRACE] Session ID: 630584b36f5643ad
2017/06/19 22:09:46 [TRACE] CSRF Token: 1DsEwQ-icQ8oIVOiK815Z4-WZuA6MTQ5NzkwOTc0MTY5MTgzMzU3NQ==
2017/06/19 22:09:46 [TRACE] Template: repo/home
2017/06/19 22:09:48 [TRACE] Session ID: 630584b36f5643ad
2017/06/19 22:09:48 [TRACE] CSRF Token: 1DsEwQ-icQ8oIVOiK815Z4-WZuA6MTQ5NzkwOTc0MTY5MTgzMzU3NQ==
2017/06/19 22:09:48 [TRACE] Template: repo/settings/options
2017/06/19 22:09:50 [TRACE] Session ID: 630584b36f5643ad
2017/06/19 22:09:50 [TRACE] CSRF Token: 1DsEwQ-icQ8oIVOiK815Z4-WZuA6MTQ5NzkwOTc0MTY5MTgzMzU3NQ==
2017/06/19 22:09:50 [TRACE] Template: repo/settings/webhook/base
2017/06/19 22:09:53 [TRACE] Session ID: 630584b36f5643ad
2017/06/19 22:09:53 [TRACE] CSRF Token: 1DsEwQ-icQ8oIVOiK815Z4-WZuA6MTQ5NzkwOTc0MTY5MTgzMzU3NQ==
2017/06/19 22:09:53 [TRACE] Template: repo/settings/webhook/new
2017/06/19 22:10:39 [TRACE] Session ID: 630584b36f5643ad
2017/06/19 22:10:39 [TRACE] CSRF Token: 1DsEwQ-icQ8oIVOiK815Z4-WZuA6MTQ5NzkwOTc0MTY5MTgzMzU3NQ==
2017/06/19 22:10:39 [TRACE] Session ID: 630584b36f5643ad
2017/06/19 22:10:39 [TRACE] CSRF Token: 1DsEwQ-icQ8oIVOiK815Z4-WZuA6MTQ5NzkwOTc0MTY5MTgzMzU3NQ==
2017/06/19 22:10:39 [TRACE] Template: repo/settings/webhook/base
2017/06/19 22:10:42 [TRACE] Session ID: 630584b36f5643ad
2017/06/19 22:10:42 [TRACE] CSRF Token: 1DsEwQ-icQ8oIVOiK815Z4-WZuA6MTQ5NzkwOTc0MTY5MTgzMzU3NQ==
2017/06/19 22:10:42 [TRACE] Template: user/profile
2017/06/19 22:10:44 [TRACE] Session ID: 630584b36f5643ad
2017/06/19 22:10:44 [TRACE] CSRF Token: 1DsEwQ-icQ8oIVOiK815Z4-WZuA6MTQ5NzkwOTc0MTY5MTgzMzU3NQ==
2017/06/19 22:10:44 [TRACE] Template: repo/home
2017/06/19 22:10:45 [TRACE] Session ID: 630584b36f5643ad
2017/06/19 22:10:45 [TRACE] CSRF Token: 1DsEwQ-icQ8oIVOiK815Z4-WZuA6MTQ5NzkwOTc0MTY5MTgzMzU3NQ==
2017/06/19 22:10:45 [TRACE] Template: repo/settings/options
2017/06/19 22:10:53 [TRACE] Session ID: 630584b36f5643ad
2017/06/19 22:10:53 [TRACE] CSRF Token: 1DsEwQ-icQ8oIVOiK815Z4-WZuA6MTQ5NzkwOTc0MTY5MTgzMzU3NQ==
2017/06/19 22:10:53 [TRACE] Template: repo/settings/webhook/base
2017/06/19 22:10:55 [TRACE] Session ID: 630584b36f5643ad
2017/06/19 22:10:55 [TRACE] CSRF Token: 1DsEwQ-icQ8oIVOiK815Z4-WZuA6MTQ5NzkwOTc0MTY5MTgzMzU3NQ==
2017/06/19 22:10:55 [TRACE] Template: repo/settings/webhook/new
2017/06/19 22:10:57 [TRACE] Session ID: 630584b36f5643ad
2017/06/19 22:10:57 [TRACE] CSRF Token: 1DsEwQ-icQ8oIVOiK815Z4-WZuA6MTQ5NzkwOTc0MTY5MTgzMzU3NQ==
2017/06/19 22:10:57 [TRACE] Session ID: 630584b36f5643ad
2017/06/19 22:10:57 [TRACE] CSRF Token: 1DsEwQ-icQ8oIVOiK815Z4-WZuA6MTQ5NzkwOTc0MTY5MTgzMzU3NQ==
2017/06/19 22:10:57 [TRACE] Template: repo/settings/webhook/base
2017/06/19 23:19:41 [TRACE] Log Mode: File (Trace)
2017/06/19 23:19:41 [ INFO] Gogs 0.11.19.0609
2017/06/19 23:19:41 [ INFO] Cache Service Enabled
2017/06/19 23:19:41 [ INFO] Session Service Enabled
2017/06/19 23:19:41 [ INFO] Git Version: 2.7.4
2017/06/19 23:19:41 [ INFO] Git config user.name set to Gogs
2017/06/19 23:19:41 [ INFO] Git config user.email set to gogs@fake.local
2017/06/19 23:19:41 [ INFO] SQLite3 Supported
2017/06/19 23:19:41 [ INFO] Run Mode: Production
2017/06/19 23:19:41 [TRACE] Doing: CheckRepoStats
2017/06/19 23:19:41 [ INFO] Listen: http://0.0.0.0:3000
2017/06/19 23:19:55 [TRACE] Session ID: ff3fb8dc9c565c2c
2017/06/19 23:19:55 [TRACE] CSRF Token: 4uWZdacjF3jINXSSbxmqhMXG9Ag6MTQ5NzkxNDM5NTk5NzQ3OTY0Ng==
2017/06/19 23:19:55 [TRACE] Template: home
2017/06/19 23:19:58 [TRACE] Session ID: ff3fb8dc9c565c2c
2017/06/19 23:19:58 [TRACE] CSRF Token: 4uWZdacjF3jINXSSbxmqhMXG9Ag6MTQ5NzkxNDM5NTk5NzQ3OTY0Ng==
2017/06/19 23:19:58 [TRACE] Template: user/auth/login
2017/06/19 23:20:13 [TRACE] Session ID: ff3fb8dc9c565c2c
2017/06/19 23:20:13 [TRACE] CSRF Token: 4uWZdacjF3jINXSSbxmqhMXG9Ag6MTQ5NzkxNDM5NTk5NzQ3OTY0Ng==
2017/06/19 23:20:13 [TRACE] Session ID: ff3fb8dc9c565c2c
2017/06/19 23:20:13 [TRACE] CSRF Token: Zoqh1w_xT_TRCBq9jrIefPOUP5s6MTQ5NzkxNDQxMzYxMjI1Njc1Ng==
2017/06/19 23:20:13 [TRACE] Template: user/dashboard/dashboard
2017/06/19 23:20:18 [TRACE] Session ID: ff3fb8dc9c565c2c
2017/06/19 23:20:18 [TRACE] CSRF Token: Zoqh1w_xT_TRCBq9jrIefPOUP5s6MTQ5NzkxNDQxMzYxMjI1Njc1Ng==
2017/06/19 23:20:18 [TRACE] Template: repo/home
2017/06/19 23:20:59 [TRACE] Session ID: a3bd20c5ae806bbd
2017/06/19 23:20:59 [TRACE] CSRF Token: EnY9xkkUTrnT9xtXmZtYftgL68U6MTQ5NzkxNDQ1OTU0OTc0NjkyNg==
2017/06/19 23:20:59 [TRACE] Session ID: c148fbdc8033f7a4
2017/06/19 23:20:59 [TRACE] CSRF Token: jyaq0POcJ7NulbtG5HvsJM9dEzo6MTQ5NzkxNDQ1OTU3MDUxNzM3NQ==
2017/06/19 23:21:44 [TRACE] Session ID: 266b3fe7b07e6400
2017/06/19 23:21:44 [TRACE] CSRF Token: _oZv3_4BspSdTdOURQDAxeX2DV06MTQ5NzkxNDUwNDY1MjMwNzcwMw==
2017/06/19 23:22:33 [TRACE] Session ID: fab7ec1dccbf3d14
2017/06/19 23:22:33 [TRACE] CSRF Token: q8Ug-XIqkYsFqP_9ZmhPY_tqii86MTQ5NzkxNDU1MzE2NzUxNTA5OA==
2017/06/19 23:22:43 [TRACE] Session ID: ff3fb8dc9c565c2c
2017/06/19 23:22:43 [TRACE] CSRF Token: Zoqh1w_xT_TRCBq9jrIefPOUP5s6MTQ5NzkxNDQxMzYxMjI1Njc1Ng==
2017/06/19 23:22:43 [TRACE] Template: repo/home
2017/06/19 23:23:05 [TRACE] Session ID: d2f2db360e11c0f4
2017/06/19 23:23:05 [TRACE] CSRF Token: 9KYzMoeohCEOm0GaEhntn8xVHkM6MTQ5NzkxNDU4NTM5ODE0MDM4Nw==
2017/06/19 23:23:05 [TRACE] Session ID: a58f82b9a929ad44
2017/06/19 23:23:05 [TRACE] CSRF Token: bOmTHLpB2I8D6SUsAvhYNmnuz5s6MTQ5NzkxNDU4NTQyNjk3NDMzOA==
2017/06/19 23:23:05 [TRACE] Session ID: 3ff792275ec9b782
2017/06/19 23:23:05 [TRACE] CSRF Token: PBOsZtT9JHTDgpGMhbh4zUBFYkw6MTQ5NzkxNDU4NTQ2NzczMDQxOA==
2017/06/19 23:23:05 [TRACE] Session ID: 1c59fefa9dce84ea
2017/06/19 23:23:05 [TRACE] CSRF Token: _ub9ViV5ZwWu8NPluZ3y_J1BYV86MTQ5NzkxNDU4NTQ3MzY3MDgyMA==
2017/06/19 23:23:05 [TRACE] HTTPGit - Authenticated user: vagrant
2017/06/19 23:23:05 [TRACE] Session ID: f83e05bc1b01d49c
2017/06/19 23:23:05 [TRACE] CSRF Token: jZNMSMQDITj3RHRismBS5j0ms_M6MTQ5NzkxNDU4NTY2MTUyNzAxNQ==
2017/06/19 23:23:05 [TRACE] TriggerTask 'demo-flask-app/master' by 'vagrant'
2017/06/19 23:23:05 [TRACE] AddTestPullRequestTask [head_repo_id: 2, head_branch: master]: finding pull requests
2017/06/19 23:23:05 [TRACE] AddTestPullRequestTask [base_repo_id: 2, base_branch: master]: finding pull requests
2017/06/19 23:23:05 [TRACE] DeliverHooks [repo_id: 2]
2017/06/19 23:23:06 [TRACE] Hook delivered: 21540e4d-a786-4e63-9b16-462ed60c1a81
2017/06/19 23:23:06 [TRACE] Session ID: 9038cbfced131e5a
2017/06/19 23:23:06 [TRACE] CSRF Token: QKESvF2aUZB6Kv_MMuoDx05Smyo6MTQ5NzkxNDU4NjI0OTIxNjg4OQ==
2017/06/19 23:23:06 [TRACE] Session ID: 99207f27903ff9f1
2017/06/19 23:23:06 [TRACE] CSRF Token: TxXwGSs689HcPGEzakveDcPex4k6MTQ5NzkxNDU4NjI1ODEzNDUyOA==
2017/06/19 23:23:08 [TRACE] Session ID: 8a97aee8b5acb8c4
2017/06/19 23:23:08 [TRACE] CSRF Token: 5yszL69fy6aruK7WZ-B3nU1eR5Y6MTQ5NzkxNDU4ODI5MDc1MzI3NA==
2017/06/19 23:23:08 [TRACE] Session ID: fbc88203a72bf623
2017/06/19 23:23:08 [TRACE] CSRF Token: Pz1jyWagfYMkMbSoh8rhs2yXR1k6MTQ5NzkxNDU4ODMwNTk4NzA5NQ==
2017/06/19 23:23:08 [TRACE] Session ID: de080319c68895bb
2017/06/19 23:23:08 [TRACE] CSRF Token: eSjCNfhyUoqHjeFzmWdNKZNXcdE6MTQ5NzkxNDU4ODQyNzYwNjI5Mw==
2017/06/19 23:25:10 [TRACE] Session ID: ff3fb8dc9c565c2c
2017/06/19 23:25:10 [TRACE] CSRF Token: Zoqh1w_xT_TRCBq9jrIefPOUP5s6MTQ5NzkxNDQxMzYxMjI1Njc1Ng==
2017/06/19 23:25:10 [TRACE] Template: repo/home
2017/06/19 23:25:12 [TRACE] Session ID: ff3fb8dc9c565c2c
2017/06/19 23:25:12 [TRACE] CSRF Token: Zoqh1w_xT_TRCBq9jrIefPOUP5s6MTQ5NzkxNDQxMzYxMjI1Njc1Ng==
2017/06/19 23:25:12 [TRACE] Template: user/profile
2017/06/19 23:25:13 [TRACE] Session ID: ff3fb8dc9c565c2c
2017/06/19 23:25:13 [TRACE] CSRF Token: Zoqh1w_xT_TRCBq9jrIefPOUP5s6MTQ5NzkxNDQxMzYxMjI1Njc1Ng==
2017/06/19 23:25:13 [TRACE] Template: user/dashboard/dashboard
2017/06/19 23:25:14 [TRACE] Session ID: ff3fb8dc9c565c2c
2017/06/19 23:25:14 [TRACE] CSRF Token: Zoqh1w_xT_TRCBq9jrIefPOUP5s6MTQ5NzkxNDQxMzYxMjI1Njc1Ng==
2017/06/19 23:25:14 [TRACE] Template: user/dashboard/feeds
2017/06/19 23:25:20 [TRACE] Session ID: ff3fb8dc9c565c2c
2017/06/19 23:25:20 [TRACE] CSRF Token: Zoqh1w_xT_TRCBq9jrIefPOUP5s6MTQ5NzkxNDQxMzYxMjI1Njc1Ng==
2017/06/19 23:25:20 [TRACE] Detected encoding: UTF-8 (fast)
2017/06/19 23:25:20 [TRACE] Detected encoding: UTF-8 (fast)
2017/06/19 23:25:20 [TRACE] Template: repo/diff/page
2017/06/19 23:25:33 [TRACE] Session ID: ff3fb8dc9c565c2c
2017/06/19 23:25:33 [TRACE] CSRF Token: Zoqh1w_xT_TRCBq9jrIefPOUP5s6MTQ5NzkxNDQxMzYxMjI1Njc1Ng==
2017/06/19 23:25:33 [TRACE] Template: user/profile
2017/06/19 23:26:37 [TRACE] Session ID: eb1d5c80e31cddf7
2017/06/19 23:26:37 [TRACE] CSRF Token: R8A0x6jE6sbBkK-nuji2JNmj5s86MTQ5NzkxNDc5NzIyNTg1OTc1OQ==
2017/06/19 23:26:37 [TRACE] Session ID: 11564baf99eb098f
2017/06/19 23:26:37 [TRACE] CSRF Token: e1EU4QsNF2I4w97xGf1cGHw7vCQ6MTQ5NzkxNDc5NzI2MjUzMTU5OA==
2017/06/19 23:26:37 [TRACE] Session ID: 9cb73696a7ced920
2017/06/19 23:26:37 [TRACE] CSRF Token: MPg2lSgs-JDnPvVCYSGpv7c8YKw6MTQ5NzkxNDc5NzMwNDcxMjM5MA==
2017/06/19 23:26:37 [TRACE] Session ID: 8e15107c70a10a37
2017/06/19 23:26:37 [TRACE] CSRF Token: LdoR8xk9XrHamPwIBRkbh3E0Lh46MTQ5NzkxNDc5NzMwOTkxMzc2Nw==
2017/06/19 23:26:37 [TRACE] HTTPGit - Authenticated user: vagrant
2017/06/19 23:26:37 [TRACE] Session ID: 560ef230472426a1
2017/06/19 23:26:37 [TRACE] CSRF Token: Zby2DcT1e_Ud2UMKO9d4FnDxktw6MTQ5NzkxNDc5NzUzMjU3MjQ3NQ==
2017/06/19 23:26:37 [TRACE] TriggerTask 'demo-flask-app/master' by 'vagrant'
2017/06/19 23:26:37 [TRACE] DeliverHooks [repo_id: 2]
2017/06/19 23:26:37 [TRACE] AddTestPullRequestTask [head_repo_id: 2, head_branch: master]: finding pull requests
2017/06/19 23:26:37 [TRACE] AddTestPullRequestTask [base_repo_id: 2, base_branch: master]: finding pull requests
2017/06/19 23:26:37 [TRACE] Hook delivered: 6658a4ff-354f-42bc-b108-7eb944027850
2017/06/19 23:26:37 [TRACE] Session ID: 8868dd26f4e0063a
2017/06/19 23:26:37 [TRACE] CSRF Token: zl2eHyM0HqOTSOahRJqVbcdk7KY6MTQ5NzkxNDc5NzY5NzY4MzYzNA==
2017/06/19 23:26:37 [TRACE] Session ID: 8124416ad9a7dff3
2017/06/19 23:26:37 [TRACE] CSRF Token: Z-CMeB2tx1f-gzcvKuvuoASA6xY6MTQ5NzkxNDc5NzcxNzMxNzM0NA==
2017/06/19 23:26:38 [TRACE] Session ID: 7c10c279fa219b75
2017/06/19 23:26:38 [TRACE] CSRF Token: elvAy5FRcHb3sA8ZUH8O42PTq8I6MTQ5NzkxNDc5ODEwMDk0MjQ5MQ==
2017/06/19 23:26:38 [TRACE] Session ID: c74afbe7a4ef8fb2
2017/06/19 23:26:38 [TRACE] CSRF Token: CmFWbrR4pIqI7eClkR4QnfeHLoA6MTQ5NzkxNDc5ODEyNzYxNzg3Mw==
